============================= test session starts ==============================
platform linux -- Python 3.12.1, pytest-7.4.4, pluggy-1.4.0
rootdir: /testbed
collected 8 items

openlibrary/tests/core/test_imports.py::TestImportItem::test_delete PASSED [ 12%]
openlibrary/tests/core/test_imports.py::TestImportItem::test_delete_with_batch_id PASSED [ 25%]
openlibrary/tests/core/test_imports.py::TestImportItem::test_find_pending_returns_none_with_no_results PASSED [ 37%]
openlibrary/tests/core/test_imports.py::TestImportItem::test_find_pending_returns_pending PASSED [ 50%]
openlibrary/tests/core/test_imports.py::TestBatchItem::test_add_items_legacy PASSED [ 62%]
openlibrary/tests/core/test_imports.py::TestImportItem::test_find_staged_or_pending[unique_id_1-expected0] FAILED [ 75%]
openlibrary/tests/core/test_imports.py::TestImportItem::test_find_staged_or_pending[unique_id_2-expected1] FAILED [ 87%]
openlibrary/tests/core/test_imports.py::TestImportItem::test_find_staged_or_pending[unique_id_4-expected2] FAILED [100%]

=================================== FAILURES ===================================
________________ TestImportItem.test_find_staged_or_pending[unique_id_1-expected0] ________________
...
E       AssertionError: assert 0 == 2
=========================== short test summary info ============================
FAILED openlibrary/tests/core/test_imports.py::TestImportItem::test_find_staged_or_pending[unique_id_1-expected0]
FAILED openlibrary/tests/core/test_imports.py::TestImportItem::test_find_staged_or_pending[unique_id_2-expected1]
FAILED openlibrary/tests/core/test_imports.py::TestImportItem::test_find_staged_or_pending[unique_id_4-expected2]
========================= 3 failed, 5 passed in 0.42s ==========================
